Build started 6/6/2020 1:02:03 PM.
     1>Project "C:\Users\Goose\Documents\Visual Studio 2010\Projects\Map\Map\Map\Map.vcxproj" on node 2 (build target(s)).
     1>InitializeBuildStatus:
         Creating "Debug\Map.unsuccessfulbuild" because "AlwaysCreate" was specified.
       GenerateTargetFrameworkMonikerAttribute:
       Skipping target "GenerateTargetFrameworkMonikerAttribute" because all output files are up-to-date with respect to the input files.
       ClCompile:
         All outputs are up-to-date.
         All outputs are up-to-date.
         All outputs are up-to-date.
       CoreResGen:
         No resources are out of date with respect to their source files. Skipping resource generation.
       ResourceCompile:
         All outputs are up-to-date.
       Link:
         All outputs are up-to-date.
         Map.vcxproj -> C:\Users\Goose\Documents\Visual Studio 2010\Projects\Map\Map\Debug\Map.exe
       FinalizeBuildStatus:
         Deleting file "Debug\Map.unsuccessfulbuild".
         Touching "Debug\Map.lastbuildstate".
     1>Done Building Project "C:\Users\Goose\Documents\Visual Studio 2010\Projects\Map\Map\Map\Map.vcxproj" (build target(s)).

Build succeeded.

Time Elapsed 00:00:00.23
